[35m[Appium][39m Welcome to Appium v1.22.3
[35m[Appium][39m Non-default server args:
[35m[Appium][39m   port: 57786
[35m[Appium][39m   loglevel: info
[35m[Appium][39m   tmpDir: C:\Users\RBT\AppData\Local\Temp\\Katalon\Appium\Temp1652965416251
[35m[Appium][39m   chromedriverPort: 57787
[35m[Appium][39m Deprecated server args:
[35m[Appium][39m   [31m--chromedriver-port[39m => --default-capabilities
[35m[Appium][39m Default capabilities, which will be added to each request unless overridden by desired capabilities:
[35m[Appium][39m   chromedriverPort: 57787
[35m[Appium][39m Appium REST http interface listener started on 0.0.0.0:57786
[35m[HTTP][39m [37m-->[39m [37mGET[39m [37m/wd/hub/status[39m
[35m[HTTP][39m [90m{}[39m
[35m[HTTP][39m [37m<-- GET /wd/hub/status [39m[32m200[39m [90m8 ms - 68[39m
[35m[HTTP][39m [90m[39m
[35m[HTTP][39m [37m-->[39m [37mGET[39m [37m/wd/hub/status[39m
[35m[HTTP][39m [90m{}[39m
[35m[HTTP][39m [37m<-- GET /wd/hub/status [39m[32m200[39m [90m3 ms - 68[39m
[35m[HTTP][39m [90m[39m
[35m[HTTP][39m [37m-->[39m [37mPOST[39m [37m/wd/hub/session[39m
[35m[HTTP][39m [90m{"desiredCapabilities":{"app":"D:\\PNG AMA\\APK File\\IvyCPG_PnGIMEA_1402_c72230f0_14994 (1).apk","appPackage":"com.ivy.sd.png.asean.view.smartsell","noReset":true,"appWaitActivity":"*","deviceId":"RZ8RC0SNT0T","deviceName":"Galaxy A52","fullReset":false,"platform":"ANDROID","appActivity":"com.ivy.sd.png.view.DummyLaunchActivity","newCommandTimeout":1800,"platformVersion":"12","automationName":"uiautomator2","autoGrantPermissions":true,"platformName":"Android","udid":"RZ8RC0SNT0T","systemPort":57796},"capabilities":{"firstMatch":[{"appium:app":"D:\\PNG AMA\\APK File\\IvyCPG_PnGIMEA_1402_c72230f0_14994 (1).apk","appium:appActivity":"com.ivy.sd.png.view.DummyLaunchActivity","appium:appPackage":"com.ivy.sd.png.asean.view.smartsell","appium:appWaitActivity":"*","appium:autoGrantPermissions":true,"appium:automationName":"uiautomator2","deviceId":"RZ8RC0SNT0T","appium:deviceName":"Galaxy A52","appium:fullReset":false,"appium:newCommandTimeout":1800,"appium:noReset":true,"platform":"ANDROID","platformName":"andro...[39m
[35m[BaseDriver][39m The following capabilities are not standard capabilities and should have an extension prefix:
[35m[BaseDriver][39m   deviceId
[35m[BaseDriver][39m   platform
[35m[BaseDriver][39m   chromedriverPort
[35m[Appium][39m Appium v1.22.3 creating new AndroidUiautomator2Driver (v1.70.1) session
[35m[BaseDriver][39m The following capabilities were provided, but are not recognized by Appium:
[35m[BaseDriver][39m   deviceId
[35m[BaseDriver][39m   platform
[35m[BaseDriver][39m Session created with session id: a39731b0-2507-483f-8f7d-b9a517901bb9
[35m[BaseDriver][39m Using local app 'D:\PNG AMA\APK File\IvyCPG_PnGIMEA_1402_c72230f0_14994 (1).apk'
[35m[ADB][39m Found 1 'build-tools' folders under 'C:\Users\RBT\.katalon\tools\android_sdk' (newest first):
[35m[ADB][39m     C:/Users/RBT/.katalon/tools/android_sdk/build-tools/29.0.3
[35m[ADB][39m Using 'adb.exe' from 'C:\Users\RBT\.katalon\tools\android_sdk\platform-tools\adb.exe'
[35m[AndroidDriver][39m Retrieving device list
[35m[AndroidDriver][39m Using device: RZ8RC0SNT0T
[35m[ADB][39m Using 'adb.exe' from 'C:\Users\RBT\.katalon\tools\android_sdk\platform-tools\adb.exe'
[35m[ADB][39m Getting device platform version
[35m[UiAutomator2][39m Relaxing hidden api policy
[35m[ADB][39m Using 'apksigner.jar' from 'C:\Users\RBT\.katalon\tools\android_sdk\build-tools\29.0.3\lib\apksigner.jar'
[35m[ADB][39m 'C:\Users\RBT\AppData\Roaming\npm\node_modules\appium\node_modules\appium-uiautomator2-server\apks\appium-uiautomator2-server-v4.27.0.apk' is signed with the default certificate
[35m[ADB][39m 'C:\Users\RBT\AppData\Roaming\npm\node_modules\appium\node_modules\appium-uiautomator2-server\apks\appium-uiautomator2-server-debug-androidTest.apk' is signed with the default certificate
[35m[UiAutomator2][39m Server packages are not going to be (re)installed
[35m[ADB][39m Adding packages ["io.appium.settings","io.appium.uiautomator2.server","io.appium.uiautomator2.server.test"] to Doze whitelist
[35m[ADB][39m 'D:\PNG AMA\APK File\IvyCPG_PnGIMEA_1402_c72230f0_14994 (1).apk' is signed with the default certificate
[35m[ADB][39m The application at 'D:\PNG AMA\APK File\IvyCPG_PnGIMEA_1402_c72230f0_14994 (1).apk' will not be cached, because the device under test has confirmed the support of streamed installs
[35m[ADB][39m The installation of 'IvyCPG_PnGIMEA_1402_c72230f0_14994 (1).apk' took 5506ms
[35m[UiAutomator2][39m Starting UIAutomator2 server 4.27.0
[35m[UiAutomator2][39m Using UIAutomator2 server from 'C:\Users\RBT\AppData\Roaming\npm\node_modules\appium\node_modules\appium-uiautomator2-server\apks\appium-uiautomator2-server-v4.27.0.apk' and test from 'C:\Users\RBT\AppData\Roaming\npm\node_modules\appium\node_modules\appium-uiautomator2-server\apks\appium-uiautomator2-server-debug-androidTest.apk'
[35m[UiAutomator2][39m Waiting up to 30000ms for UiAutomator2 to be online...
[35m[WD Proxy][39m socket hang up
[35m[WD Proxy][39m socket hang up
[35m[WD Proxy][39m socket hang up
[35m[WD Proxy][39m socket hang up
[35m[WD Proxy][39m Determined the downstream protocol as 'W3C'
[35m[AndroidDriver][39m Screen already unlocked, doing nothing
[35m[UiAutomator2][39m Starting 'com.ivy.sd.png.asean.view.smartsell/com.ivy.sd.png.view.DummyLaunchActivity and waiting for 'com.ivy.sd.png.asean.view.smartsell/*'
[35m[Appium][39m New AndroidUiautomator2Driver session created successfully, session a39731b0-2507-483f-8f7d-b9a517901bb9 added to master session list
[35m[HTTP][39m [37m<-- POST /wd/hub/session [39m[32m200[39m [90m29006 ms - 1537[39m
[35m[HTTP][39m [90m[39m
[35m[HTTP][39m [37m-->[39m [37mGET[39m [37m/wd/hub/session/a39731b0-2507-483f-8f7d-b9a517901bb9[39m
[35m[HTTP][39m [90m{}[39m
[35m[HTTP][39m [37m<-- GET /wd/hub/session/a39731b0-2507-483f-8f7d-b9a517901bb9 [39m[32m200[39m [90m27 ms - 1491[39m
[35m[HTTP][39m [90m[39m
[35m[HTTP][39m [37m-->[39m [37mGET[39m [37m/wd/hub/session/a39731b0-2507-483f-8f7d-b9a517901bb9[39m
[35m[HTTP][39m [90m{}[39m
[35m[HTTP][39m [37m<-- GET /wd/hub/session/a39731b0-2507-483f-8f7d-b9a517901bb9 [39m[32m200[39m [90m22 ms - 1491[39m
[35m[HTTP][39m [90m[39m
[35m[HTTP][39m [37m-->[39m [37mGET[39m [37m/wd/hub/status[39m
[35m[HTTP][39m [90m{}[39m
[35m[HTTP][39m [37m<-- GET /wd/hub/status [39m[32m200[39m [90m2 ms - 68[39m
[35m[HTTP][39m [90m[39m
[35m[HTTP][39m [37m-->[39m [37mPOST[39m [37m/wd/hub/session/a39731b0-2507-483f-8f7d-b9a517901bb9/timeouts[39m
[35m[HTTP][39m [90m{"implicit":60000}[39m
[35m[HTTP][39m [37m<-- POST /wd/hub/session/a39731b0-2507-483f-8f7d-b9a517901bb9/timeouts [39m[32m200[39m [90m14 ms - 14[39m
[35m[HTTP][39m [90m[39m
[35m[HTTP][39m [37m-->[39m [37mGET[39m [37m/wd/hub/session/a39731b0-2507-483f-8f7d-b9a517901bb9/source[39m
[35m[HTTP][39m [90m{}[39m
[35m[W3C (a39731b0)][39m Driver proxy active, passing request on via HTTP proxy
[35m[WD Proxy][39m Replacing sessionId b30edd18-bd34-40cd-8468-27ba54fa1bbb with a39731b0-2507-483f-8f7d-b9a517901bb9
[35m[HTTP][39m [37m<-- GET /wd/hub/session/a39731b0-2507-483f-8f7d-b9a517901bb9/source [39m[32m200[39m [90m115 ms - 8354[39m
[35m[HTTP][39m [90m[39m
[35m[HTTP][39m [37m-->[39m [37mGET[39m [37m/wd/hub/session/a39731b0-2507-483f-8f7d-b9a517901bb9/screenshot[39m
[35m[HTTP][39m [90m{}[39m
[35m[HTTP][39m [37m<-- GET /wd/hub/session/a39731b0-2507-483f-8f7d-b9a517901bb9/screenshot [39m[32m200[39m [90m1042 ms - 687936[39m
[35m[HTTP][39m [90m[39m
[35m[HTTP][39m [37m-->[39m [37mGET[39m [37m/wd/hub/session/a39731b0-2507-483f-8f7d-b9a517901bb9/source[39m
[35m[HTTP][39m [90m{}[39m
[35m[W3C (a39731b0)][39m Driver proxy active, passing request on via HTTP proxy
[35m[WD Proxy][39m Replacing sessionId b30edd18-bd34-40cd-8468-27ba54fa1bbb with a39731b0-2507-483f-8f7d-b9a517901bb9
[35m[HTTP][39m [37m<-- GET /wd/hub/session/a39731b0-2507-483f-8f7d-b9a517901bb9/source [39m[32m200[39m [90m573 ms - 59400[39m
[35m[HTTP][39m [90m[39m
[35m[HTTP][39m [37m-->[39m [37mGET[39m [37m/wd/hub/session/a39731b0-2507-483f-8f7d-b9a517901bb9/screenshot[39m
[35m[HTTP][39m [90m{}[39m
[35m[HTTP][39m [37m<-- GET /wd/hub/session/a39731b0-2507-483f-8f7d-b9a517901bb9/screenshot [39m[32m200[39m [90m549 ms - 130030[39m
[35m[HTTP][39m [90m[39m
[35m[HTTP][39m [37m-->[39m [37mPOST[39m [37m/wd/hub/session/a39731b0-2507-483f-8f7d-b9a517901bb9/elements[39m
[35m[HTTP][39m [90m{"using":"xpath","value":"//*[@class = 'android.widget.TextView' and (@text = 'ALL OTHER PG DETERGENT SUB' or . = 'ALL OTHER PG DETERGENT SUB') and @resource-id = 'com.ivy.sd.png.asean.view.smartsell:id/tv_name']"}[39m
[35m[HTTP][39m [37m<-- POST /wd/hub/session/a39731b0-2507-483f-8f7d-b9a517901bb9/elements [39m[32m200[39m [90m1058 ms - 139[39m
[35m[HTTP][39m [90m[39m
[35m[HTTP][39m [37m-->[39m [37mDELETE[39m [37m/wd/hub/session/a39731b0-2507-483f-8f7d-b9a517901bb9[39m
[35m[HTTP][39m [90m{}[39m
[35m[Appium][39m Removing session a39731b0-2507-483f-8f7d-b9a517901bb9 from our master session list
[35m[UiAutomator2][39m Restoring hidden api policy to the device default configuration
[35m[HTTP][39m [37m<-- DELETE /wd/hub/session/a39731b0-2507-483f-8f7d-b9a517901bb9 [39m[32m200[39m [90m645 ms - 14[39m
[35m[HTTP][39m [90m[39m
